<?xml version="1.0" encoding="UTF-8"?>
<!-- Generated by org.testng.reporters.JUnitXMLReporter -->
<testsuite ignored="2" hostname="DESKTOP-SM2205M" failures="0" tests="1" name="twoTest" time="38.618" errors="0" timestamp="2023-10-01T10:06:43 IST">
  <testcase classname="GenericUtility.BaseClass" name="@BeforeMethod loginToapplication" time="27.097">
    <failure type="org.openqa.selenium.NoSuchElementException" message="no such element: Unable to locate element: {&amp;quot;method&amp;quot;:&amp;quot;xpath&amp;quot;,&amp;quot;selector&amp;quot;:&amp;quot;//input[@data-testid=&amp;apos;user-mobileno-input-box&amp;apos;]&amp;quot;}
  (Session info: MicrosoftEdge=117.0.2045.43)
For documentation on this error, please visit: https://www.selenium.dev/documentation/webdriver/troubleshooting/errors#no-such-element-exception
Build info: version: &amp;apos;4.10.0&amp;apos;, revision: &amp;apos;c14d967899&amp;apos;
System info: os.name: &amp;apos;Windows 10&amp;apos;, os.arch: &amp;apos;amd64&amp;apos;, os.version: &amp;apos;10.0&amp;apos;, java.version: &amp;apos;17.0.6&amp;apos;
Driver info: org.openqa.selenium.edge.EdgeDriver
Command: [271d84603a50439fa1688a35eace9879, findElement {using=xpath, value=//input[@data-testid=&amp;apos;user-mobileno-input-box&amp;apos;]}]
Capabilities {acceptInsecureCerts: false, browserName: msedge, browserVersion: 117.0.2045.43, fedcm:accounts: true, ms:edgeOptions: {debuggerAddress: localhost:60601}, msedge: {msedgedriverVersion: 117.0.2045.47 (b75fe6866687..., userDataDir: C:\Users\Qspiders\AppData\L...}, networkConnectionEnabled: false, pageLoadStrategy: normal, platformName: windows, proxy: Proxy(), se:cdp: ws://localhost:60601/devtoo..., se:cdpVersion: 117.0.2045.43, setWindowRect: true, strictFileInteractability: false, timeouts: {implicit: 0, pageLoad: 300000, script: 30000}, unhandledPromptBehavior: dismiss and notify, webauthn:extension:credBlob: true, webauthn:extension:largeBlob: true, webauthn:extension:minPinLength: true, webauthn:extension:prf: true, webauthn:virtualAuthenticators: true}
Session ID: 271d84603a50439fa1688a35eace9879">
      <![CDATA[org.openqa.selenium.NoSuchElementException: no such element: Unable to locate element: {"method":"xpath","selector":"//input[@data-testid='user-mobileno-input-box']"}
  (Session info: MicrosoftEdge=117.0.2045.43)
For documentation on this error, please visit: https://www.selenium.dev/documentation/webdriver/troubleshooting/errors#no-such-element-exception
Build info: version: '4.10.0', revision: 'c14d967899'
System info: os.name: 'Windows 10', os.arch: 'amd64', os.version: '10.0', java.version: '17.0.6'
Driver info: org.openqa.selenium.edge.EdgeDriver
Command: [271d84603a50439fa1688a35eace9879, findElement {using=xpath, value=//input[@data-testid='user-mobileno-input-box']}]
Capabilities {acceptInsecureCerts: false, browserName: msedge, browserVersion: 117.0.2045.43, fedcm:accounts: true, ms:edgeOptions: {debuggerAddress: localhost:60601}, msedge: {msedgedriverVersion: 117.0.2045.47 (b75fe6866687..., userDataDir: C:\Users\Qspiders\AppData\L...}, networkConnectionEnabled: false, pageLoadStrategy: normal, platformName: windows, proxy: Proxy(), se:cdp: ws://localhost:60601/devtoo..., se:cdpVersion: 117.0.2045.43, setWindowRect: true, strictFileInteractability: false, timeouts: {implicit: 0, pageLoad: 300000, script: 30000}, unhandledPromptBehavior: dismiss and notify, webauthn:extension:credBlob: true, webauthn:extension:largeBlob: true, webauthn:extension:minPinLength: true, webauthn:extension:prf: true, webauthn:virtualAuthenticators: true}
Session ID: 271d84603a50439fa1688a35eace9879
at org.openqa.selenium.remote.codec.w3c.W3CHttpResponseCodec.createException(W3CHttpResponseCodec.java:199)
at org.openqa.selenium.remote.codec.w3c.W3CHttpResponseCodec.decode(W3CHttpResponseCodec.java:132)
at org.openqa.selenium.remote.codec.w3c.W3CHttpResponseCodec.decode(W3CHttpResponseCodec.java:51)
at org.openqa.selenium.remote.HttpCommandExecutor.execute(HttpCommandExecutor.java:191)
at org.openqa.selenium.remote.service.DriverCommandExecutor.invokeExecute(DriverCommandExecutor.java:196)
at org.openqa.selenium.remote.service.DriverCommandExecutor.execute(DriverCommandExecutor.java:171)
at org.openqa.selenium.remote.RemoteWebDriver.execute(RemoteWebDriver.java:531)
at org.openqa.selenium.remote.ElementLocation$ElementFinder$2.findElement(ElementLocation.java:165)
at org.openqa.selenium.remote.ElementLocation.findElement(ElementLocation.java:59)
at org.openqa.selenium.remote.RemoteWebDriver.findElement(RemoteWebDriver.java:350)
at org.openqa.selenium.remote.RemoteWebDriver.findElement(RemoteWebDriver.java:344)
at org.openqa.selenium.support.pagefactory.DefaultElementLocator.findElement(DefaultElementLocator.java:68)
at org.openqa.selenium.support.pagefactory.internal.LocatingElementHandler.invoke(LocatingElementHandler.java:38)
at jdk.proxy2/jdk.proxy2.$Proxy19.sendKeys(Unknown Source)
at GenericUtility.BaseClass.loginToapplication(BaseClass.java:76)
at java.base/java.util.ArrayList.forEach(ArrayList.java:1511)
at java.base/java.util.concurrent.FutureTask.run(FutureTask.java:264)
at java.base/java.util.concurrent.ThreadPoolExecutor.runWorker(ThreadPoolExecutor.java:1136)
at java.base/java.util.concurrent.ThreadPoolExecutor$Worker.run(ThreadPoolExecutor.java:635)
at java.base/java.lang.Thread.run(Thread.java:833)
... Removed 26 stack frames]]>
    </failure>
  </testcase> <!-- @BeforeMethod loginToapplication -->
  <testcase classname="GenericUtility.BaseClass" name="@AfterMethod logoutToApplication" time="0.0">
    <skipped/>
  </testcase> <!-- @AfterMethod logoutToApplication -->
  <testcase classname="GenericUtility.BaseClass" name="@AfterClass aftermethod" time="0.0">
    <skipped/>
  </testcase> <!-- @AfterClass aftermethod -->
  <testcase classname="ShopperLogin.login3Test" name="Tc_Login_006" time="0.0">
    <skipped/>
  </testcase> <!-- Tc_Login_006 -->
  <testcase classname="ShopperLogin.login3Test" name="Tc_Login_008" time="0.0">
    <ignored/>
  </testcase> <!-- Tc_Login_008 -->
  <testcase classname="ShopperLogin.login3Test" name="Tc_Login_007" time="0.0">
    <ignored/>
  </testcase> <!-- Tc_Login_007 -->
</testsuite> <!-- twoTest -->
